c:\users\fr_pl\desktop\project\caro\caro\debug\vc141.pdb
c:\users\fr_pl\desktop\project\caro\caro\debug\vc141.idb
c:\users\fr_pl\desktop\project\caro\caro\debug\texturemanager.obj
c:\users\fr_pl\desktop\project\caro\caro\debug\menu.obj
c:\users\fr_pl\desktop\project\caro\caro\debug\map.obj
c:\users\fr_pl\desktop\project\caro\caro\debug\main.obj
c:\users\fr_pl\desktop\project\caro\caro\debug\game.obj
c:\users\fr_pl\desktop\project\caro\debug\caro.ilk
c:\users\fr_pl\desktop\project\caro\debug\caro.exe
c:\users\fr_pl\desktop\project\caro\debug\caro.pdb
c:\users\fr_pl\desktop\project\caro\caro\debug\resource.res
c:\users\fr_pl\desktop\project\caro\caro\debug\caro.tlog\cl.command.1.tlog
c:\users\fr_pl\desktop\project\caro\caro\debug\caro.tlog\cl.read.1.tlog
c:\users\fr_pl\desktop\project\caro\caro\debug\caro.tlog\cl.write.1.tlog
c:\users\fr_pl\desktop\project\caro\caro\debug\caro.tlog\link.command.1.tlog
c:\users\fr_pl\desktop\project\caro\caro\debug\caro.tlog\link.read.1.tlog
c:\users\fr_pl\desktop\project\caro\caro\debug\caro.tlog\link.write.1.tlog
c:\users\fr_pl\desktop\project\caro\caro\debug\caro.tlog\rc.command.1.tlog
c:\users\fr_pl\desktop\project\caro\caro\debug\caro.tlog\rc.read.1.tlog
c:\users\fr_pl\desktop\project\caro\caro\debug\caro.tlog\rc.write.1.tlog
